/*C1*/SET SCHEMA SYSTEM_LOBS
INSERT INTO BLOCKS VALUES(0,2147483647,0)
COMMIT
/*C2*/SET SCHEMA PUBLIC
CREATE TABLE t_sys_enums(id bigint GENERATED BY DEFAULT AS IDENTITY, roles_permissions varchar(30))
CREATE TABLE t_sys_roles(id bigint GENERATED BY DEFAULT AS IDENTITY, IDRolesPermissions integer)
CREATE TABLE t_sys_permissions(id bigint GENERATED BY DEFAULT AS IDENTITY, IDRolesPermissions integer)
CREATE TABLE t_sys_users(id bigint GENERATED BY DEFAULT AS IDENTITY, login varchar(30), password varchar(30), roleID int, permissionID int)
INSERT INTO T_SYS_ENUMS VALUES(0,'zdalny_uzytkownik_koncowy')
COMMIT
INSERT INTO T_SYS_ENUMS VALUES(1,'lokalny_uzytkownik_koncowy')
COMMIT
INSERT INTO T_SYS_ENUMS VALUES(2,'konserwator_systemowy')
COMMIT
INSERT INTO T_SYS_ENUMS VALUES(3,'moderator')
COMMIT
INSERT INTO T_SYS_ENUMS VALUES(4,'junior_developer')
COMMIT
INSERT INTO T_SYS_ENUMS VALUES(5,'senior_developer')
COMMIT
INSERT INTO T_SYS_ENUMS VALUES(6,'administrator')
COMMIT
INSERT INTO T_SYS_ENUMS VALUES(7,'wlasciciel')
COMMIT
INSERT INTO T_SYS_ENUMS VALUES(8,'read_only')
COMMIT
INSERT INTO T_SYS_ENUMS VALUES(9,'write_read')
COMMIT
INSERT INTO T_SYS_ENUMS VALUES(10,'write_read_access')
COMMIT
INSERT INTO T_SYS_ENUMS VALUES(11,'full_access')
COMMIT
INSERT INTO T_SYS_ROLES VALUES(0,1)
COMMIT
INSERT INTO T_SYS_ROLES VALUES(1,2)
COMMIT
INSERT INTO T_SYS_ROLES VALUES(2,3)
COMMIT
INSERT INTO T_SYS_ROLES VALUES(3,4)
COMMIT
INSERT INTO T_SYS_ROLES VALUES(4,5)
COMMIT
INSERT INTO T_SYS_ROLES VALUES(5,6)
COMMIT
INSERT INTO T_SYS_ROLES VALUES(6,7)
COMMIT
INSERT INTO T_SYS_ROLES VALUES(7,8)
COMMIT
INSERT INTO T_SYS_PERMISSIONS VALUES(0,9)
COMMIT
INSERT INTO T_SYS_PERMISSIONS VALUES(1,10)
COMMIT
INSERT INTO T_SYS_PERMISSIONS VALUES(2,11)
COMMIT
INSERT INTO T_SYS_PERMISSIONS VALUES(3,12)
COMMIT
INSERT INTO T_SYS_USERS VALUES(0,'user1','pass1',1,9)
COMMIT
INSERT INTO T_SYS_USERS VALUES(1,'user2','pass2',2,10)
COMMIT
INSERT INTO T_SYS_USERS VALUES(2,'user3','pass3',3,11)
COMMIT
INSERT INTO T_SYS_USERS VALUES(3,'user4','pass4',6,12)
COMMIT
INSERT INTO T_SYS_USERS VALUES(4,'user5','pass5',7,12)
COMMIT
DISCONNECT
